{
  status: 404,
  message: 'Email не правилый',
  level: 'error',
  stack: 'Error: Email не правилый\n' +
    '    at Function.badRequest (file:///D:/node/communityGameOfThrones/server/error/ApiError.js:11:16)\n' +
    '    at forgetPass (file:///D:/node/communityGameOfThrones/server/controllers/AuthController.js:100:32)\n' +
    '    at processTicksAndRejections (node:internal/process/task_queues:96:5)',
  timestamp: '2022-10-23 13:53:55'
}
{
  status: 404,
  message: 'Email не правилый',
  level: 'error',
  stack: 'Error: Email не правилый\n' +
    '    at Function.badRequest (file:///D:/node/communityGameOfThrones/server/error/ApiError.js:11:16)\n' +
    '    at forgetPass (file:///D:/node/communityGameOfThrones/server/controllers/AuthController.js:100:32)\n' +
    '    at processTicksAndRejections (node:internal/process/task_queues:96:5)',
  timestamp: '2022-10-23 13:54:52'
}
{
  status: 404,
  message: 'Email не правилый',
  level: 'error',
  stack: 'Error: Email не правилый\n' +
    '    at Function.badRequest (file:///D:/node/communityGameOfThrones/server/error/ApiError.js:11:16)\n' +
    '    at forgetPass (file:///D:/node/communityGameOfThrones/server/controllers/AuthController.js:100:32)\n' +
    '    at processTicksAndRejections (node:internal/process/task_queues:96:5)',
  timestamp: '2022-10-23 13:57:48'
}
{
  status: 404,
  message: 'Email не правилый',
  level: 'error',
  stack: 'Error: Email не правилый\n' +
    '    at Function.badRequest (file:///D:/node/communityGameOfThrones/server/error/ApiError.js:11:16)\n' +
    '    at forgetPass (file:///D:/node/communityGameOfThrones/server/controllers/AuthController.js:100:32)\n' +
    '    at processTicksAndRejections (node:internal/process/task_queues:96:5)',
  timestamp: '2022-10-23 13:58:55'
}
{
  level: 'error',
  message: "Cannot destructure property 'email' of 'existToken' as it is null.",
  stack: "TypeError: Cannot destructure property 'email' of 'existToken' as it is null.\n" +
    '    at resetPass (file:///D:/node/communityGameOfThrones/server/controllers/AuthController.js:119:20)\n' +
    '    at Layer.handle [as handle_request] (D:\\node\\communityGameOfThrones\\server\\node_modules\\express\\lib\\router\\layer.js:95:5)\n' +
    '    at next (D:\\node\\communityGameOfThrones\\server\\node_modules\\express\\lib\\router\\route.js:144:13)\n' +
    '    at Route.dispatch (D:\\node\\communityGameOfThrones\\server\\node_modules\\express\\lib\\router\\route.js:114:3)\n' +
    '    at Layer.handle [as handle_request] (D:\\node\\communityGameOfThrones\\server\\node_modules\\express\\lib\\router\\layer.js:95:5)\n' +
    '    at D:\\node\\communityGameOfThrones\\server\\node_modules\\express\\lib\\router\\index.js:284:15\n' +
    '    at param (D:\\node\\communityGameOfThrones\\server\\node_modules\\express\\lib\\router\\index.js:365:14)\n' +
    '    at param (D:\\node\\communityGameOfThrones\\server\\node_modules\\express\\lib\\router\\index.js:376:14)\n' +
    '    at Function.process_params (D:\\node\\communityGameOfThrones\\server\\node_modules\\express\\lib\\router\\index.js:421:3)\n' +
    '    at next (D:\\node\\communityGameOfThrones\\server\\node_modules\\express\\lib\\router\\index.js:280:10)',
  timestamp: '2022-10-23 15:05:08'
}
{
  level: 'error',
  message: "Cannot destructure property 'email' of 'existToken' as it is null.",
  stack: "TypeError: Cannot destructure property 'email' of 'existToken' as it is null.\n" +
    '    at resetPass (file:///D:/node/communityGameOfThrones/server/controllers/AuthController.js:119:20)\n' +
    '    at Layer.handle [as handle_request] (D:\\node\\communityGameOfThrones\\server\\node_modules\\express\\lib\\router\\layer.js:95:5)\n' +
    '    at next (D:\\node\\communityGameOfThrones\\server\\node_modules\\express\\lib\\router\\route.js:144:13)\n' +
    '    at Route.dispatch (D:\\node\\communityGameOfThrones\\server\\node_modules\\express\\lib\\router\\route.js:114:3)\n' +
    '    at Layer.handle [as handle_request] (D:\\node\\communityGameOfThrones\\server\\node_modules\\express\\lib\\router\\layer.js:95:5)\n' +
    '    at D:\\node\\communityGameOfThrones\\server\\node_modules\\express\\lib\\router\\index.js:284:15\n' +
    '    at param (D:\\node\\communityGameOfThrones\\server\\node_modules\\express\\lib\\router\\index.js:365:14)\n' +
    '    at param (D:\\node\\communityGameOfThrones\\server\\node_modules\\express\\lib\\router\\index.js:376:14)\n' +
    '    at Function.process_params (D:\\node\\communityGameOfThrones\\server\\node_modules\\express\\lib\\router\\index.js:421:3)\n' +
    '    at next (D:\\node\\communityGameOfThrones\\server\\node_modules\\express\\lib\\router\\index.js:280:10)',
  timestamp: '2022-10-23 15:05:11'
}
{
  message: 'User Saqo sign up world',
  level: 'info',
  timestamp: '2022-10-23 15:20:51'
}
